app/build/intermediates/manifest_merge_blame_file/debug/manifest-merger-blame-debug-report.txt
1<?xml version="1.0" encoding="utf-8"?>
2<manifest xmlns:android="http://schemas.android.com/apk/res/android"
3    package="com.example.mykotlinlist"
4    android:versionCode="1"
5    android:versionName="1.0" >
6
7    <uses-sdk
8        android:minSdkVersion="21"
8-->src\main\AndroidManifest.xml
9        android:targetSdkVersion="33" />
9-->src\main\AndroidManifest.xml
10
11    <uses-permission android:name="android.permission.INTERNET" />
11-->src\main\AndroidManifest.xml:5:5-67
11-->src\main\AndroidManifest.xml:5:22-64
12    <uses-permission android:name="android.permission.ACCESS_NETWORK_STATE" />
12-->src\main\AndroidManifest.xml:6:5-79
12-->src\main\AndroidManifest.xml:6:22-76
13    <uses-permission android:name="android.permission.ACCESS_WIFI_STATE" />
13-->src\main\AndroidManifest.xml:7:5-76
13-->src\main\AndroidManifest.xml:7:22-73
14    <uses-permission android:name="android.permission.READ_EXTERNAL_STORAGE" />
14-->src\main\AndroidManifest.xml:8:5-80
14-->src\main\AndroidManifest.xml:8:22-77
15    <uses-permission android:name="android.permission.WRITE_EXTERNAL_STORAGE" />
15-->src\main\AndroidManifest.xml:9:5-81
15-->src\main\AndroidManifest.xml:9:22-78
16    <uses-permission android:name="android.permission.FOREGROUND_SERVICE" />
16-->src\main\AndroidManifest.xml:10:5-77
16-->src\main\AndroidManifest.xml:10:22-74
17    <uses-permission android:name="android.permission.WAKE_LOCK" />
17-->src\main\AndroidManifest.xml:11:5-68
17-->src\main\AndroidManifest.xml:11:22-65
18    <uses-permission android:name="android.permission.REQUEST_INSTALL_PACKAGES" />
18-->src\main\AndroidManifest.xml:12:5-83
18-->src\main\AndroidManifest.xml:12:22-80
19    <uses-permission android:name="android.permission.READ_PHONE_STATE" />
19-->src\main\AndroidManifest.xml:13:5-75
19-->src\main\AndroidManifest.xml:13:22-72
20    <uses-permission android:name="android.permission.ACCESS_COARSE_LOCATION" />
20-->src\main\AndroidManifest.xml:14:5-81
20-->src\main\AndroidManifest.xml:14:22-78
21    <uses-permission android:name="android.permission.ACCESS_FINE_LOCATION" />
21-->src\main\AndroidManifest.xml:15:5-79
21-->src\main\AndroidManifest.xml:15:22-76
22    <uses-permission android:name="android.permission.ACCESS_BACKGROUND_LOCATION" />
22-->src\main\AndroidManifest.xml:16:5-85
22-->src\main\AndroidManifest.xml:16:22-82
23    <uses-permission android:name="android.permission.RECEIVE_BOOT_COMPLETED" />
23-->src\main\AndroidManifest.xml:17:5-81
23-->src\main\AndroidManifest.xml:17:22-78
24    <uses-permission android:name="android.permission.READ_EXTERNAL_STORAGE" />
24-->src\main\AndroidManifest.xml:8:5-80
24-->src\main\AndroidManifest.xml:8:22-77
25    <uses-permission android:name="android.permission.WRITE_EXTERNAL_STORAGE" />
25-->src\main\AndroidManifest.xml:9:5-81
25-->src\main\AndroidManifest.xml:9:22-78
26    <uses-permission android:name="android.permission.FOREGROUND_SERVICE" />
26-->src\main\AndroidManifest.xml:10:5-77
26-->src\main\AndroidManifest.xml:10:22-74
27    <uses-permission android:name="android.permission.WAKE_LOCK" />
27-->src\main\AndroidManifest.xml:11:5-68
27-->src\main\AndroidManifest.xml:11:22-65
28    <uses-permission android:name="android.permission.REQUEST_INSTALL_PACKAGES" />
28-->src\main\AndroidManifest.xml:12:5-83
28-->src\main\AndroidManifest.xml:12:22-80
29    <uses-permission android:name="android.permission.READ_PHONE_STATE" />
29-->src\main\AndroidManifest.xml:13:5-75
29-->src\main\AndroidManifest.xml:13:22-72
30    <uses-permission android:name="android.permission.ACCESS_COARSE_LOCATION" />
30-->src\main\AndroidManifest.xml:14:5-81
30-->src\main\AndroidManifest.xml:14:22-78
31    <uses-permission android:name="android.permission.ACCESS_FINE_LOCATION" />
31-->src\main\AndroidManifest.xml:15:5-79
31-->src\main\AndroidManifest.xml:15:22-76
32    <uses-permission android:name="android.permission.ACCESS_BACKGROUND_LOCATION" />
32-->src\main\AndroidManifest.xml:16:5-85
32-->src\main\AndroidManifest.xml:16:22-82
33
34    <uses-feature
34-->[com.google.android.gms:play-services-maps:17.0.1] AndroidManifest.xml:26:5-28:35
35        android:glEsVersion="0x00020000"
35-->[com.google.android.gms:play-services-maps:17.0.1] AndroidManifest.xml:27:9-41
36        android:required="true" />
36-->[com.google.android.gms:play-services-maps:17.0.1] AndroidManifest.xml:28:9-32
37
38    <queries>
38-->[com.google.android.gms:play-services-maps:17.0.1] AndroidManifest.xml:30:5-34:15
39
40        <!-- Needs to be explicitly declared on Android R+ -->
41        <package android:name="com.google.android.apps.maps" />
41-->[com.google.android.gms:play-services-maps:17.0.1] AndroidManifest.xml:33:9-64
41-->[com.google.android.gms:play-services-maps:17.0.1] AndroidManifest.xml:33:18-61
42    </queries>
43
44    <permission
44-->[androidx.core:core:1.9.0] AndroidManifest.xml:22:5-24:47
45        android:name="com.example.mykotlinlist.DYNAMIC_RECEIVER_NOT_EXPORTED_PERMISSION"
45-->[androidx.core:core:1.9.0] AndroidManifest.xml:23:9-81
46        android:protectionLevel="signature" />
46-->[androidx.core:core:1.9.0] AndroidManifest.xml:24:9-44
47
48    <uses-permission android:name="com.example.mykotlinlist.DYNAMIC_RECEIVER_NOT_EXPORTED_PERMISSION" />
48-->[androidx.core:core:1.9.0] AndroidManifest.xml:26:5-97
48-->[androidx.core:core:1.9.0] AndroidManifest.xml:26:22-94
49
50    <application
50-->src\main\AndroidManifest.xml:28:5-78:19
51        android:allowBackup="true"
51-->src\main\AndroidManifest.xml:29:9-35
52        android:appComponentFactory="androidx.core.app.CoreComponentFactory"
52-->[androidx.core:core:1.9.0] AndroidManifest.xml:28:18-86
53        android:dataExtractionRules="@xml/data_extraction_rules"
53-->src\main\AndroidManifest.xml:30:9-65
54        android:debuggable="true"
55        android:fullBackupContent="@xml/backup_rules"
55-->src\main\AndroidManifest.xml:31:9-54
56        android:icon="@drawable/logof"
56-->src\main\AndroidManifest.xml:32:9-39
57        android:label="PrecioChecker"
57-->src\main\AndroidManifest.xml:33:9-38
58        android:roundIcon="@drawable/logof"
58-->src\main\AndroidManifest.xml:34:9-44
59        android:supportsRtl="true"
59-->src\main\AndroidManifest.xml:35:9-35
60        android:theme="@style/Theme.MyKotlinList" >
60-->src\main\AndroidManifest.xml:36:9-50
61        <activity
61-->src\main\AndroidManifest.xml:38:9-40:40
62            android:name="com.example.mykotlinlist.CarritoActivity"
62-->src\main\AndroidManifest.xml:39:13-44
63            android:exported="false" />
63-->src\main\AndroidManifest.xml:40:13-37
64
65        <meta-data
65-->src\main\AndroidManifest.xml:42:9-44:71
66            android:name="com.google.android.geo.API_KEY"
66-->src\main\AndroidManifest.xml:43:13-58
67            android:value="AIzaSyB1EJ_osVBpLXcepHyYghEXugLxD6uHqas" />
67-->src\main\AndroidManifest.xml:44:13-68
68
69        <activity
69-->src\main\AndroidManifest.xml:46:9-48:40
70            android:name="com.example.mykotlinlist.maps.MapActivity"
70-->src\main\AndroidManifest.xml:47:13-45
71            android:exported="false" />
71-->src\main\AndroidManifest.xml:48:13-37
72        <activity
72-->src\main\AndroidManifest.xml:49:9-52:45
73            android:name="com.example.mykotlinlist.MainActivity"
73-->src\main\AndroidManifest.xml:50:13-41
74            android:exported="false"
74-->src\main\AndroidManifest.xml:51:13-37
75            android:label="PrecioChecker" />
75-->src\main\AndroidManifest.xml:52:13-42
76        <activity
76-->src\main\AndroidManifest.xml:53:9-55:40
77            android:name="com.example.mykotlinlist.VerInformacion"
77-->src\main\AndroidManifest.xml:54:13-43
78            android:exported="false" />
78-->src\main\AndroidManifest.xml:55:13-37
79        <activity
79-->src\main\AndroidManifest.xml:56:9-58:40
80            android:name="com.example.mykotlinlist.VerPelicula"
80-->src\main\AndroidManifest.xml:57:13-40
81            android:exported="false" />
81-->src\main\AndroidManifest.xml:58:13-37
82        <activity
82-->src\main\AndroidManifest.xml:59:9-65:20
83            android:name="com.example.mykotlinlist.DescriptionActivity"
83-->src\main\AndroidManifest.xml:60:13-48
84            android:exported="false" >
84-->src\main\AndroidManifest.xml:61:13-37
85            <meta-data
85-->src\main\AndroidManifest.xml:62:13-64:36
86                android:name="android.app.lib_name"
86-->src\main\AndroidManifest.xml:63:17-52
87                android:value="" />
87-->src\main\AndroidManifest.xml:64:17-33
88        </activity>
89        <activity
89-->src\main\AndroidManifest.xml:66:9-77:20
90            android:name="com.example.mykotlinlist.ui.login.LoginActivity"
90-->src\main\AndroidManifest.xml:67:13-51
91            android:exported="true"
91-->src\main\AndroidManifest.xml:68:13-36
92            android:label="Login" >
92-->src\main\AndroidManifest.xml:69:13-34
93            <intent-filter>
93-->src\main\AndroidManifest.xml:70:13-73:29
94                <action android:name="android.intent.action.MAIN" />
94-->src\main\AndroidManifest.xml:71:17-69
94-->src\main\AndroidManifest.xml:71:25-66
95
96                <category android:name="android.intent.category.LAUNCHER" />
96-->src\main\AndroidManifest.xml:72:17-77
96-->src\main\AndroidManifest.xml:72:27-74
97            </intent-filter>
98
99            <meta-data
99-->src\main\AndroidManifest.xml:62:13-64:36
100                android:name="android.app.lib_name"
100-->src\main\AndroidManifest.xml:63:17-52
101                android:value="" />
101-->src\main\AndroidManifest.xml:64:17-33
102        </activity>
103        <activity
103-->[com.google.android.libraries.places:places:2.5.0] AndroidManifest.xml:14:9-20:20
104            android:name="com.google.android.libraries.places.widget.AutocompleteActivity"
104-->[com.google.android.libraries.places:places:2.5.0] AndroidManifest.xml:15:13-91
105            android:exported="false"
105-->[com.google.android.libraries.places:places:2.5.0] AndroidManifest.xml:16:13-37
106            android:label="@string/places_autocomplete_label"
106-->[com.google.android.libraries.places:places:2.5.0] AndroidManifest.xml:17:13-62
107            android:theme="@style/PlacesAutocompleteOverlay"
107-->[com.google.android.libraries.places:places:2.5.0] AndroidManifest.xml:18:13-61
108            android:windowSoftInputMode="adjustResize" >
108-->[com.google.android.libraries.places:places:2.5.0] AndroidManifest.xml:19:13-55
109        </activity> <!-- Needs to be explicitly declared on P+ -->
110        <uses-library
110-->[com.google.android.gms:play-services-maps:17.0.1] AndroidManifest.xml:39:9-41:40
111            android:name="org.apache.http.legacy"
111-->[com.google.android.gms:play-services-maps:17.0.1] AndroidManifest.xml:40:13-50
112            android:required="false" />
112-->[com.google.android.gms:play-services-maps:17.0.1] AndroidManifest.xml:41:13-37
113
114        <activity
114-->[com.google.android.gms:play-services-base:17.5.0] AndroidManifest.xml:23:9-26:75
115            android:name="com.google.android.gms.common.api.GoogleApiActivity"
115-->[com.google.android.gms:play-services-base:17.5.0] AndroidManifest.xml:24:13-79
116            android:exported="false"
116-->[com.google.android.gms:play-services-base:17.5.0] AndroidManifest.xml:25:13-37
117            android:theme="@android:style/Theme.Translucent.NoTitleBar" />
117-->[com.google.android.gms:play-services-base:17.5.0] AndroidManifest.xml:26:13-72
118
119        <meta-data
119-->[com.google.android.gms:play-services-basement:17.5.0] AndroidManifest.xml:23:9-25:69
120            android:name="com.google.android.gms.version"
120-->[com.google.android.gms:play-services-basement:17.5.0] AndroidManifest.xml:24:13-58
121            android:value="@integer/google_play_services_version" />
121-->[com.google.android.gms:play-services-basement:17.5.0] AndroidManifest.xml:25:13-66
122
123        <provider
123-->[androidx.emoji2:emoji2:1.2.0] AndroidManifest.xml:24:9-32:20
124            android:name="androidx.startup.InitializationProvider"
124-->[androidx.emoji2:emoji2:1.2.0] AndroidManifest.xml:25:13-67
125            android:authorities="com.example.mykotlinlist.androidx-startup"
125-->[androidx.emoji2:emoji2:1.2.0] AndroidManifest.xml:26:13-68
126            android:exported="false" >
126-->[androidx.emoji2:emoji2:1.2.0] AndroidManifest.xml:27:13-37
127            <meta-data
127-->[androidx.emoji2:emoji2:1.2.0] AndroidManifest.xml:29:13-31:52
128                android:name="androidx.emoji2.text.EmojiCompatInitializer"
128-->[androidx.emoji2:emoji2:1.2.0] AndroidManifest.xml:30:17-75
129                android:value="androidx.startup" />
129-->[androidx.emoji2:emoji2:1.2.0] AndroidManifest.xml:31:17-49
130            <meta-data
130-->[androidx.lifecycle:lifecycle-process:2.4.1] AndroidManifest.xml:31:13-33:52
131                android:name="androidx.lifecycle.ProcessLifecycleInitializer"
131-->[androidx.lifecycle:lifecycle-process:2.4.1] AndroidManifest.xml:32:17-78
132                android:value="androidx.startup" />
132-->[androidx.lifecycle:lifecycle-process:2.4.1] AndroidManifest.xml:33:17-49
133        </provider>
134        <provider
134-->[com.squareup.picasso:picasso:2.8] AndroidManifest.xml:8:9-11:40
135            android:name="com.squareup.picasso.PicassoProvider"
135-->[com.squareup.picasso:picasso:2.8] AndroidManifest.xml:9:13-64
136            android:authorities="com.example.mykotlinlist.com.squareup.picasso"
136-->[com.squareup.picasso:picasso:2.8] AndroidManifest.xml:10:13-72
137            android:exported="false" />
137-->[com.squareup.picasso:picasso:2.8] AndroidManifest.xml:11:13-37
138
139        <service
139-->[com.google.android.datatransport:transport-backend-cct:2.3.0] AndroidManifest.xml:29:9-35:19
140            android:name="com.google.android.datatransport.runtime.backends.TransportBackendDiscovery"
140-->[com.google.android.datatransport:transport-backend-cct:2.3.0] AndroidManifest.xml:30:13-103
141            android:exported="false" >
141-->[com.google.android.datatransport:transport-backend-cct:2.3.0] AndroidManifest.xml:31:13-37
142            <meta-data
142-->[com.google.android.datatransport:transport-backend-cct:2.3.0] AndroidManifest.xml:32:13-34:39
143                android:name="backend:com.google.android.datatransport.cct.CctBackendFactory"
143-->[com.google.android.datatransport:transport-backend-cct:2.3.0] AndroidManifest.xml:33:17-94
144                android:value="cct" />
144-->[com.google.android.datatransport:transport-backend-cct:2.3.0] AndroidManifest.xml:34:17-36
145        </service>
146        <service
146-->[com.google.android.datatransport:transport-runtime:2.2.3] AndroidManifest.xml:26:9-30:19
147            android:name="com.google.android.datatransport.runtime.scheduling.jobscheduling.JobInfoSchedulerService"
147-->[com.google.android.datatransport:transport-runtime:2.2.3] AndroidManifest.xml:27:13-117
148            android:exported="false"
148-->[com.google.android.datatransport:transport-runtime:2.2.3] AndroidManifest.xml:28:13-37
149            android:permission="android.permission.BIND_JOB_SERVICE" >
149-->[com.google.android.datatransport:transport-runtime:2.2.3] AndroidManifest.xml:29:13-69
150        </service>
151
152        <receiver
152-->[com.google.android.datatransport:transport-runtime:2.2.3] AndroidManifest.xml:32:9-34:40
153            android:name="com.google.android.datatransport.runtime.scheduling.jobscheduling.AlarmManagerSchedulerBroadcastReceiver"
153-->[com.google.android.datatransport:transport-runtime:2.2.3] AndroidManifest.xml:33:13-132
154            android:exported="false" />
154-->[com.google.android.datatransport:transport-runtime:2.2.3] AndroidManifest.xml:34:13-37
155    </application>
156
157</manifest>